
-----------------------------------------------------------------
Starting new training run
-----------------------------------------------------------------
[2018-09-19 01:24:19.901]     [*] git recv-parse HEAD:
82d917b96fc92c03f3821210d9dd1d084f1872e8

[2018-09-19 01:24:19.901]    ==================================================
[2018-09-19 01:24:19.902]    ==================================================
[2018-09-19 01:24:19.902]     [*] Checkpoint path: logs/son_2018-09-19_01-24-19/model.ckpt
[2018-09-19 01:24:19.902]     [*] Loading training data from: ['datasets/son/data']
[2018-09-19 01:24:19.902]     [*] Using model: logs/son_2018-09-19_01-24-19
[2018-09-19 01:24:19.902]    Hyperparameters:
    adam_beta1: 0.9
    adam_beta2: 0.999
    attention_size: 128
    attention_state_size: 256
    attention_type: bah_mon
    batch_size: 32
    cleaners: korean_cleaners
    dec_layer_num: 2
    dec_prenet_sizes: [256, 128]
    dec_rnn_size: 256
    decay_learning_rate_mode: 0
    dropout_prob: 0.5
    embedding_size: 256
    enc_bank_channel_size: 128
    enc_bank_size: 16
    enc_highway_depth: 4
    enc_maxpool_width: 2
    enc_prenet_sizes: [256, 128]
    enc_proj_sizes: [128, 128]
    enc_proj_width: 3
    enc_rnn_size: 128
    frame_length_ms: 50
    frame_shift_ms: 12.5
    griffin_lim_iters: 60
    ignore_recognition_level: 0
    initial_data_greedy: True
    initial_learning_rate: 0.001
    initial_phase_step: 8000
    main_data: ['']
    main_data_greedy_factor: 0
    max_iters: 200
    min_iters: 30
    min_level_db: -100
    min_tokens: 50
    model_type: deepvoice
    num_freq: 1025
    num_mels: 80
    post_bank_channel_size: 128
    post_bank_size: 8
    post_highway_depth: 4
    post_maxpool_width: 2
    post_proj_sizes: [256, 80]
    post_proj_width: 3
    post_rnn_size: 128
    power: 1.5
    preemphasis: 0.97
    prioritize_loss: False
    recognition_loss_coeff: 0.2
    reduction_factor: 5
    ref_level_db: 20
    sample_rate: 24000
    skip_inadequate: False
    speaker_embedding_size: 16
    use_fixed_test_inputs: False
[2018-09-19 01:25:55.146]     [datasets/son/data] Loaded metadata for 15283 examples (16.75 hours)
[2018-09-19 01:25:55.147]     [datasets/son/data] Max length: 991
[2018-09-19 01:25:55.147]     [datasets/son/data] Min length: 150
[2018-09-19 01:25:55.154]    ========================================
[2018-09-19 01:25:55.154]    {'datasets/son/data': 1.0}
[2018-09-19 01:25:55.154]    ========================================
[2018-09-19 01:27:29.987]     [datasets/son/data] Loaded metadata for 15283 examples (16.75 hours)
[2018-09-19 01:27:29.988]     [datasets/son/data] Max length: 991
[2018-09-19 01:27:29.988]     [datasets/son/data] Min length: 150
[2018-09-19 01:27:29.991]    ========================================
[2018-09-19 01:27:29.991]    {'datasets/son/data': 1.0}
[2018-09-19 01:27:29.991]    ========================================
